

============================== 2023-08-19 07:47:23.042339 | dc99b644-3053-4c96-976d-663265dfaf31 ==============================
[0m07:47:23.042339 [info ] [MainThread]: Running with dbt=1.4.7
[0m07:47:23.043339 [debug] [MainThread]: running dbt with arguments {'write_json': True, 'use_colors': True, 'printer_width': 80, 'version_check': True, 'partial_parse': True, 'static_parser': True, 'profiles_dir': 'C:\\Users\\Anders\\.dbt', 'send_anonymous_usage_stats': True, 'quiet': False, 'no_print': False, 'cache_selected_only': False, 'skip_profile_setup': False, 'which': 'init', 'indirect_selection': 'eager'}
[0m07:47:23.043339 [debug] [MainThread]: Tracking: tracking
[0m07:47:23.049344 [debug] [MainThread]: Sending event: {'category': 'dbt', 'action': 'invocation', 'label': 'start', 'context': [<snowplow_tracker.self_describing_json.SelfDescribingJson object at 0x0000018753F574D0>, <snowplow_tracker.self_describing_json.SelfDescribingJson object at 0x0000018753FE7D90>, <snowplow_tracker.self_describing_json.SelfDescribingJson object at 0x000001875405FB10>]}
[0m07:47:23.049344 [info ] [MainThread]: Creating dbt configuration folder at C:\Users\Anders\.dbt
[0m07:47:48.649106 [debug] [MainThread]: Starter project path: C:\Users\Anders\AppData\Local\Programs\Python\Python311\Lib\site-packages\dbt\include\starter_project
[0m07:47:56.928802 [info ] [MainThread]: No sample profile found for sqlserver.
[0m07:47:56.928802 [info ] [MainThread]: 
Your new dbt project "stocks" was created!

For more information on how to configure the profiles.yml file,
please consult the dbt documentation here:

  https://docs.getdbt.com/docs/configure-your-profile

One more thing:

Need help? Don't hesitate to reach out to us via GitHub issues or on Slack:

  https://community.getdbt.com/

Happy modeling!

[0m07:47:56.929801 [debug] [MainThread]: Sending event: {'category': 'dbt', 'action': 'invocation', 'label': 'end', 'context': [<snowplow_tracker.self_describing_json.SelfDescribingJson object at 0x0000018753CAF210>, <snowplow_tracker.self_describing_json.SelfDescribingJson object at 0x0000018751E95690>, <snowplow_tracker.self_describing_json.SelfDescribingJson object at 0x0000018753CA0410>]}
[0m07:47:56.930802 [debug] [MainThread]: Flushing usage events


============================== 2023-08-19 07:56:05.358382 | 5fb13d9d-c144-4e58-9da3-b0191de08d07 ==============================
[0m07:56:05.358382 [info ] [MainThread]: Running with dbt=1.4.7
[0m07:56:05.360383 [debug] [MainThread]: running dbt with arguments {'write_json': True, 'use_colors': True, 'printer_width': 80, 'version_check': True, 'partial_parse': True, 'static_parser': True, 'profiles_dir': 'C:\\Users\\Anders\\.dbt', 'send_anonymous_usage_stats': True, 'quiet': False, 'no_print': False, 'cache_selected_only': False, 'config_dir': False, 'which': 'debug', 'indirect_selection': 'eager'}
[0m07:56:05.360383 [debug] [MainThread]: Tracking: tracking
[0m07:56:05.365585 [debug] [MainThread]: Sending event: {'category': 'dbt', 'action': 'invocation', 'label': 'start', 'context': [<snowplow_tracker.self_describing_json.SelfDescribingJson object at 0x000001D7EFBDD990>, <snowplow_tracker.self_describing_json.SelfDescribingJson object at 0x000001D7EEFBE510>, <snowplow_tracker.self_describing_json.SelfDescribingJson object at 0x000001D7EF5B53D0>]}
[0m07:56:05.367585 [debug] [MainThread]: Executing "git --help"
[0m07:56:05.386977 [debug] [MainThread]: STDOUT: "b"usage: git [-v | --version] [-h | --help] [-C <path>] [-c <name>=<value>]\n           [--exec-path[=<path>]] [--html-path] [--man-path] [--info-path]\n           [-p | --paginate | -P | --no-pager] [--no-replace-objects] [--bare]\n           [--git-dir=<path>] [--work-tree=<path>] [--namespace=<name>]\n           [--config-env=<name>=<envvar>] <command> [<args>]\n\nThese are common Git commands used in various situations:\n\nstart a working area (see also: git help tutorial)\n   clone     Clone a repository into a new directory\n   init      Create an empty Git repository or reinitialize an existing one\n\nwork on the current change (see also: git help everyday)\n   add       Add file contents to the index\n   mv        Move or rename a file, a directory, or a symlink\n   restore   Restore working tree files\n   rm        Remove files from the working tree and from the index\n\nexamine the history and state (see also: git help revisions)\n   bisect    Use binary search to find the commit that introduced a bug\n   diff      Show changes between commits, commit and working tree, etc\n   grep      Print lines matching a pattern\n   log       Show commit logs\n   show      Show various types of objects\n   status    Show the working tree status\n\ngrow, mark and tweak your common history\n   branch    List, create, or delete branches\n   commit    Record changes to the repository\n   merge     Join two or more development histories together\n   rebase    Reapply commits on top of another base tip\n   reset     Reset current HEAD to the specified state\n   switch    Switch branches\n   tag       Create, list, delete or verify a tag object signed with GPG\n\ncollaborate (see also: git help workflows)\n   fetch     Download objects and refs from another repository\n   pull      Fetch from and integrate with another repository or a local branch\n   push      Update remote refs along with associated objects\n\n'git help -a' and 'git help -g' list available subcommands and some\nconcept guides. See 'git help <command>' or 'git help <concept>'\nto read about a specific subcommand or concept.\nSee 'git help git' for an overview of the system.\n""
[0m07:56:05.387977 [debug] [MainThread]: STDERR: "b''"
[0m07:56:05.388978 [debug] [MainThread]: Sending event: {'category': 'dbt', 'action': 'invocation', 'label': 'end', 'context': [<snowplow_tracker.self_describing_json.SelfDescribingJson object at 0x000001D7EF1ADCD0>, <snowplow_tracker.self_describing_json.SelfDescribingJson object at 0x000001D7EF1AEA50>, <snowplow_tracker.self_describing_json.SelfDescribingJson object at 0x000001D7EF1AD710>]}
[0m07:56:05.388978 [debug] [MainThread]: Flushing usage events


============================== 2023-08-19 08:25:32.974046 | 392273ce-c9b3-4744-8015-8010fed8851c ==============================
[0m08:25:32.974046 [info ] [MainThread]: Running with dbt=1.4.7
[0m08:25:32.975047 [debug] [MainThread]: running dbt with arguments {'write_json': True, 'use_colors': True, 'printer_width': 80, 'version_check': True, 'partial_parse': True, 'static_parser': True, 'profiles_dir': 'C:\\Users\\Anders\\.dbt', 'send_anonymous_usage_stats': True, 'quiet': False, 'no_print': False, 'cache_selected_only': False, 'config_dir': False, 'which': 'debug', 'indirect_selection': 'eager'}
[0m08:25:32.975047 [debug] [MainThread]: Tracking: tracking
[0m08:25:32.980046 [debug] [MainThread]: Sending event: {'category': 'dbt', 'action': 'invocation', 'label': 'start', 'context': [<snowplow_tracker.self_describing_json.SelfDescribingJson object at 0x000002619A21E350>, <snowplow_tracker.self_describing_json.SelfDescribingJson object at 0x000002619A21FCD0>, <snowplow_tracker.self_describing_json.SelfDescribingJson object at 0x000002619A4F0E50>]}
[0m08:25:32.982050 [debug] [MainThread]: Executing "git --help"
[0m08:25:33.006203 [debug] [MainThread]: STDOUT: "b"usage: git [-v | --version] [-h | --help] [-C <path>] [-c <name>=<value>]\n           [--exec-path[=<path>]] [--html-path] [--man-path] [--info-path]\n           [-p | --paginate | -P | --no-pager] [--no-replace-objects] [--bare]\n           [--git-dir=<path>] [--work-tree=<path>] [--namespace=<name>]\n           [--config-env=<name>=<envvar>] <command> [<args>]\n\nThese are common Git commands used in various situations:\n\nstart a working area (see also: git help tutorial)\n   clone     Clone a repository into a new directory\n   init      Create an empty Git repository or reinitialize an existing one\n\nwork on the current change (see also: git help everyday)\n   add       Add file contents to the index\n   mv        Move or rename a file, a directory, or a symlink\n   restore   Restore working tree files\n   rm        Remove files from the working tree and from the index\n\nexamine the history and state (see also: git help revisions)\n   bisect    Use binary search to find the commit that introduced a bug\n   diff      Show changes between commits, commit and working tree, etc\n   grep      Print lines matching a pattern\n   log       Show commit logs\n   show      Show various types of objects\n   status    Show the working tree status\n\ngrow, mark and tweak your common history\n   branch    List, create, or delete branches\n   commit    Record changes to the repository\n   merge     Join two or more development histories together\n   rebase    Reapply commits on top of another base tip\n   reset     Reset current HEAD to the specified state\n   switch    Switch branches\n   tag       Create, list, delete or verify a tag object signed with GPG\n\ncollaborate (see also: git help workflows)\n   fetch     Download objects and refs from another repository\n   pull      Fetch from and integrate with another repository or a local branch\n   push      Update remote refs along with associated objects\n\n'git help -a' and 'git help -g' list available subcommands and some\nconcept guides. See 'git help <command>' or 'git help <concept>'\nto read about a specific subcommand or concept.\nSee 'git help git' for an overview of the system.\n""
[0m08:25:33.006203 [debug] [MainThread]: STDERR: "b''"
[0m08:25:33.007203 [debug] [MainThread]: Sending event: {'category': 'dbt', 'action': 'invocation', 'label': 'end', 'context': [<snowplow_tracker.self_describing_json.SelfDescribingJson object at 0x000002619A233FD0>, <snowplow_tracker.self_describing_json.SelfDescribingJson object at 0x000002619A4F1150>, <snowplow_tracker.self_describing_json.SelfDescribingJson object at 0x000002619A4F2BD0>]}
[0m08:25:33.007203 [debug] [MainThread]: Flushing usage events
[0m18:31:01.325516 [debug] [MainThread]: Sending event: {'category': 'dbt', 'action': 'invocation', 'label': 'start', 'context': [<snowplow_tracker.self_describing_json.SelfDescribingJson object at 0x000001B3BF871BE0>, <snowplow_tracker.self_describing_json.SelfDescribingJson object at 0x000001B3C17ACA90>, <snowplow_tracker.self_describing_json.SelfDescribingJson object at 0x000001B3C17AC9A0>]}


============================== 18:31:01.328518 | 9f8d48c4-7858-403a-99f8-a2d8ea18487e ==============================
[0m18:31:01.328518 [info ] [MainThread]: Running with dbt=1.5.3
[0m18:31:01.329517 [debug] [MainThread]: running dbt with arguments {'printer_width': '80', 'indirect_selection': 'eager', 'write_json': 'True', 'log_cache_events': 'False', 'partial_parse': 'True', 'cache_selected_only': 'False', 'profiles_dir': 'C:\\Users\\Anders\\.dbt', 'debug': 'False', 'warn_error': 'None', 'log_path': 'logs', 'fail_fast': 'False', 'version_check': 'True', 'use_colors': 'True', 'use_experimental_parser': 'False', 'no_print': 'None', 'quiet': 'False', 'warn_error_options': 'WarnErrorOptions(include=[], exclude=[])', 'static_parser': 'True', 'introspect': 'True', 'log_format': 'default', 'target_path': 'None', 'send_anonymous_usage_stats': 'True'}
[0m18:31:01.329517 [error] [MainThread]: Encountered an error:
Runtime Error
  No dbt_project.yml found at expected path C:\Users\Anders\Desktop\Stock Project\Git project\StockDatabase\dbt\dbt_project.yml
  Verify that each entry within packages.yml (and their transitive dependencies) contains a file named dbt_project.yml
  
[0m18:31:01.331518 [debug] [MainThread]: Command `dbt run` failed at 18:31:01.331518 after 0.01 seconds
[0m18:31:01.331518 [debug] [MainThread]: Sending event: {'category': 'dbt', 'action': 'invocation', 'label': 'end', 'context': [<snowplow_tracker.self_describing_json.SelfDescribingJson object at 0x000001B3BF871BE0>, <snowplow_tracker.self_describing_json.SelfDescribingJson object at 0x000001B3C17ACB50>, <snowplow_tracker.self_describing_json.SelfDescribingJson object at 0x000001B3C17AC3D0>]}
[0m18:31:01.331518 [debug] [MainThread]: Flushing usage events
[0m18:31:14.593063 [debug] [MainThread]: Sending event: {'category': 'dbt', 'action': 'invocation', 'label': 'start', 'context': [<snowplow_tracker.self_describing_json.SelfDescribingJson object at 0x000001FD272E2BE0>, <snowplow_tracker.self_describing_json.SelfDescribingJson object at 0x000001FD2921C880>, <snowplow_tracker.self_describing_json.SelfDescribingJson object at 0x000001FD2921C9D0>]}


============================== 18:31:14.595063 | 6646cd0b-afa9-4f68-8e9b-18e2d6a60d9d ==============================
[0m18:31:14.595063 [info ] [MainThread]: Running with dbt=1.5.3
[0m18:31:14.596062 [debug] [MainThread]: running dbt with arguments {'printer_width': '80', 'indirect_selection': 'eager', 'write_json': 'True', 'log_cache_events': 'False', 'partial_parse': 'True', 'cache_selected_only': 'False', 'warn_error': 'None', 'debug': 'False', 'fail_fast': 'False', 'log_path': 'logs', 'version_check': 'True', 'profiles_dir': 'C:\\Users\\Anders\\.dbt', 'use_colors': 'True', 'use_experimental_parser': 'False', 'no_print': 'None', 'quiet': 'False', 'log_format': 'default', 'introspect': 'True', 'warn_error_options': 'WarnErrorOptions(include=[], exclude=[])', 'static_parser': 'True', 'target_path': 'None', 'send_anonymous_usage_stats': 'True'}
[0m18:31:14.596062 [info ] [MainThread]: dbt version: 1.5.3
[0m18:31:14.596062 [info ] [MainThread]: python version: 3.9.0
[0m18:31:14.597063 [info ] [MainThread]: python path: c:\users\anders\.pyenv\pyenv-win\versions\3.9.0\python.exe
[0m18:31:14.597063 [info ] [MainThread]: os info: Windows-10-10.0.22621-SP0
[0m18:31:14.598062 [info ] [MainThread]: Using profiles.yml file at C:\Users\Anders\.dbt\profiles.yml
[0m18:31:14.598062 [info ] [MainThread]: Using dbt_project.yml file at C:\Users\Anders\Desktop\Stock Project\Git project\StockDatabase\dbt\dbt_project.yml
[0m18:31:14.598062 [info ] [MainThread]: Configuration:
[0m18:31:14.599062 [info ] [MainThread]:   profiles.yml file [[31mERROR not found[0m]
[0m18:31:14.599062 [info ] [MainThread]:   dbt_project.yml file [[31mERROR not found[0m]
[0m18:31:14.599062 [info ] [MainThread]: Required dependencies:
[0m18:31:14.599062 [debug] [MainThread]: Executing "git --help"
[0m18:31:14.621571 [debug] [MainThread]: STDOUT: "b"usage: git [-v | --version] [-h | --help] [-C <path>] [-c <name>=<value>]\n           [--exec-path[=<path>]] [--html-path] [--man-path] [--info-path]\n           [-p | --paginate | -P | --no-pager] [--no-replace-objects] [--bare]\n           [--git-dir=<path>] [--work-tree=<path>] [--namespace=<name>]\n           [--config-env=<name>=<envvar>] <command> [<args>]\n\nThese are common Git commands used in various situations:\n\nstart a working area (see also: git help tutorial)\n   clone     Clone a repository into a new directory\n   init      Create an empty Git repository or reinitialize an existing one\n\nwork on the current change (see also: git help everyday)\n   add       Add file contents to the index\n   mv        Move or rename a file, a directory, or a symlink\n   restore   Restore working tree files\n   rm        Remove files from the working tree and from the index\n\nexamine the history and state (see also: git help revisions)\n   bisect    Use binary search to find the commit that introduced a bug\n   diff      Show changes between commits, commit and working tree, etc\n   grep      Print lines matching a pattern\n   log       Show commit logs\n   show      Show various types of objects\n   status    Show the working tree status\n\ngrow, mark and tweak your common history\n   branch    List, create, or delete branches\n   commit    Record changes to the repository\n   merge     Join two or more development histories together\n   rebase    Reapply commits on top of another base tip\n   reset     Reset current HEAD to the specified state\n   switch    Switch branches\n   tag       Create, list, delete or verify a tag object signed with GPG\n\ncollaborate (see also: git help workflows)\n   fetch     Download objects and refs from another repository\n   pull      Fetch from and integrate with another repository or a local branch\n   push      Update remote refs along with associated objects\n\n'git help -a' and 'git help -g' list available subcommands and some\nconcept guides. See 'git help <command>' or 'git help <concept>'\nto read about a specific subcommand or concept.\nSee 'git help git' for an overview of the system.\n""
[0m18:31:14.622570 [debug] [MainThread]: STDERR: "b''"
[0m18:31:14.622570 [info ] [MainThread]:  - git [[32mOK found[0m]

[0m18:31:14.623570 [info ] [MainThread]: [31m1 check failed:[0m
[0m18:31:14.623570 [info ] [MainThread]: dbt looked for a profiles.yml file in C:\Users\Anders\.dbt\profiles.yml, but did
not find one. For more information on configuring your profile, consult the
documentation:

https://docs.getdbt.com/docs/configure-your-profile


[0m18:31:14.625571 [debug] [MainThread]: Command `dbt debug` failed at 18:31:14.625571 after 0.03 seconds
[0m18:31:14.625571 [debug] [MainThread]: Sending event: {'category': 'dbt', 'action': 'invocation', 'label': 'end', 'context': [<snowplow_tracker.self_describing_json.SelfDescribingJson object at 0x000001FD272E2BE0>, <snowplow_tracker.self_describing_json.SelfDescribingJson object at 0x000001FD2924C9D0>, <snowplow_tracker.self_describing_json.SelfDescribingJson object at 0x000001FD2924CDC0>]}
[0m18:31:14.625571 [debug] [MainThread]: Flushing usage events
[0m21:05:31.655201 [debug] [MainThread]: Sending event: {'category': 'dbt', 'action': 'invocation', 'label': 'start', 'context': [<snowplow_tracker.self_describing_json.SelfDescribingJson object at 0x000002A5F9EB2820>, <snowplow_tracker.self_describing_json.SelfDescribingJson object at 0x000002A5FBDED820>, <snowplow_tracker.self_describing_json.SelfDescribingJson object at 0x000002A5FBDED970>]}


============================== 21:05:31.667200 | 54e97c90-7030-48c8-896f-a07595f59d51 ==============================
[0m21:05:31.667200 [info ] [MainThread]: Running with dbt=1.5.3
[0m21:05:31.667200 [debug] [MainThread]: running dbt with arguments {'printer_width': '80', 'indirect_selection': 'eager', 'log_cache_events': 'False', 'write_json': 'True', 'partial_parse': 'True', 'cache_selected_only': 'False', 'warn_error': 'None', 'version_check': 'True', 'profiles_dir': 'C:\\Users\\Anders\\.dbt', 'log_path': 'logs', 'fail_fast': 'False', 'debug': 'False', 'use_colors': 'True', 'use_experimental_parser': 'False', 'no_print': 'None', 'quiet': 'False', 'log_format': 'default', 'static_parser': 'True', 'introspect': 'True', 'warn_error_options': 'WarnErrorOptions(include=[], exclude=[])', 'target_path': 'None', 'send_anonymous_usage_stats': 'True'}
[0m21:05:31.668201 [info ] [MainThread]: dbt version: 1.5.3
[0m21:05:31.668201 [info ] [MainThread]: python version: 3.9.0
[0m21:05:31.669209 [info ] [MainThread]: python path: c:\users\anders\.pyenv\pyenv-win\versions\3.9.0\python.exe
[0m21:05:31.669209 [info ] [MainThread]: os info: Windows-10-10.0.22621-SP0
[0m21:05:31.670198 [info ] [MainThread]: Using profiles.yml file at C:\Users\Anders\.dbt\profiles.yml
[0m21:05:31.670198 [info ] [MainThread]: Using dbt_project.yml file at C:\Users\Anders\Desktop\Stock Project\Git project\StockDatabase\dbt\dbt_project.yml
[0m21:05:31.670198 [info ] [MainThread]: Configuration:
[0m21:05:31.671200 [info ] [MainThread]:   profiles.yml file [[31mERROR not found[0m]
[0m21:05:31.671200 [info ] [MainThread]:   dbt_project.yml file [[31mERROR not found[0m]
[0m21:05:31.671200 [info ] [MainThread]: Required dependencies:
[0m21:05:31.672200 [debug] [MainThread]: Executing "git --help"
[0m21:05:31.695202 [debug] [MainThread]: STDOUT: "b"usage: git [-v | --version] [-h | --help] [-C <path>] [-c <name>=<value>]\n           [--exec-path[=<path>]] [--html-path] [--man-path] [--info-path]\n           [-p | --paginate | -P | --no-pager] [--no-replace-objects] [--bare]\n           [--git-dir=<path>] [--work-tree=<path>] [--namespace=<name>]\n           [--config-env=<name>=<envvar>] <command> [<args>]\n\nThese are common Git commands used in various situations:\n\nstart a working area (see also: git help tutorial)\n   clone     Clone a repository into a new directory\n   init      Create an empty Git repository or reinitialize an existing one\n\nwork on the current change (see also: git help everyday)\n   add       Add file contents to the index\n   mv        Move or rename a file, a directory, or a symlink\n   restore   Restore working tree files\n   rm        Remove files from the working tree and from the index\n\nexamine the history and state (see also: git help revisions)\n   bisect    Use binary search to find the commit that introduced a bug\n   diff      Show changes between commits, commit and working tree, etc\n   grep      Print lines matching a pattern\n   log       Show commit logs\n   show      Show various types of objects\n   status    Show the working tree status\n\ngrow, mark and tweak your common history\n   branch    List, create, or delete branches\n   commit    Record changes to the repository\n   merge     Join two or more development histories together\n   rebase    Reapply commits on top of another base tip\n   reset     Reset current HEAD to the specified state\n   switch    Switch branches\n   tag       Create, list, delete or verify a tag object signed with GPG\n\ncollaborate (see also: git help workflows)\n   fetch     Download objects and refs from another repository\n   pull      Fetch from and integrate with another repository or a local branch\n   push      Update remote refs along with associated objects\n\n'git help -a' and 'git help -g' list available subcommands and some\nconcept guides. See 'git help <command>' or 'git help <concept>'\nto read about a specific subcommand or concept.\nSee 'git help git' for an overview of the system.\n""
[0m21:05:31.695202 [debug] [MainThread]: STDERR: "b''"
[0m21:05:31.695202 [info ] [MainThread]:  - git [[32mOK found[0m]

[0m21:05:31.696201 [info ] [MainThread]: [31m1 check failed:[0m
[0m21:05:31.696201 [info ] [MainThread]: dbt looked for a profiles.yml file in C:\Users\Anders\.dbt\profiles.yml, but did
not find one. For more information on configuring your profile, consult the
documentation:

https://docs.getdbt.com/docs/configure-your-profile


[0m21:05:31.697201 [debug] [MainThread]: Command `dbt debug` failed at 21:05:31.697201 after 0.04 seconds
[0m21:05:31.698207 [debug] [MainThread]: Sending event: {'category': 'dbt', 'action': 'invocation', 'label': 'end', 'context': [<snowplow_tracker.self_describing_json.SelfDescribingJson object at 0x000002A5F9EB2820>, <snowplow_tracker.self_describing_json.SelfDescribingJson object at 0x000002A5FBE1C970>, <snowplow_tracker.self_describing_json.SelfDescribingJson object at 0x000002A5FBE1CD60>]}
[0m21:05:31.698207 [debug] [MainThread]: Flushing usage events
